<?xml version="1.0" encoding="UTF-8"?>
<!-- Generated by org.testng.reporters.JUnitXMLReporter -->
<testsuite ignored="0" hostname="Calvins-MBP.home" failures="0" tests="13" name="Bin Tests" time="17.298" errors="0" timestamp="2021-04-25T10:30:28 CEST">
  <testcase classname="tests.AddBinsTests" name="canCreateABinWith1000Characters" time="2.011"/>
  <testcase classname="tests.AddBinsTests" name="canCreateABinWithEmptyValue" time="0.604"/>
  <testcase classname="tests.AddBinsTests" name="canCreateABinWithNullValue" time="0.634"/>
  <testcase classname="tests.AddBinsTests" name="canCreateABinWithValidValue" time="0.646"/>
  <testcase classname="tests.AddBinsTests" name="cannotCreateBinWithBlankBody" time="0.915"/>
  <testcase classname="tests.DeleteBinTests" name="canDeleteABinById" time="0.622"/>
  <testcase classname="tests.DeleteBinTests" name="cannotDeleteABinByWrongId" time="0.597"/>
  <testcase classname="tests.DeleteBinTests" name="cannotDeleteBinWithNullId" time="0.586"/>
  <testcase classname="tests.DeleteBinTests" name="cannotDeleteBinWithoutId" time="0.88"/>
  <testcase classname="tests.ReadBinTests" name="canReadABinById" time="0.613"/>
  <testcase classname="tests.ReadBinTests" name="cannotRetrieveBinByNullId" time="0.617"/>
  <testcase classname="tests.ReadBinTests" name="cannotRetrieveBinByWrongId" time="0.594"/>
  <testcase classname="tests.ReadBinTests" name="cannotRetrieveBinNoId" time="0.413"/>
</testsuite> <!-- Bin Tests -->
